<?xml version="1.0" encoding="UTF-8"?>
<!-- Generated by org.testng.reporters.JUnitXMLReporter -->
<testsuite ignored="6" hostname="DESKTOP-4M6F8DF" failures="0" tests="1" name="Car Loan" time="0.121" errors="0" timestamp="2024-08-03T11:57:20 IST">
  <testcase classname="test.Day4" name="MobileloginCarLone1" time="0.006"/>
  <testcase classname="test.Day4" name="TabloginCarLone" time="0.0">
    <ignored/>
  </testcase> <!-- TabloginCarLone -->
  <testcase classname="test.Day4" name="testMethod1" time="0.0">
    <ignored/>
  </testcase> <!-- testMethod1 -->
  <testcase classname="test.Day4" name="TabloginCarLone1" time="0.0">
    <ignored/>
  </testcase> <!-- TabloginCarLone1 -->
  <testcase classname="test.Day4" name="testMethod2" time="0.0">
    <ignored/>
  </testcase> <!-- testMethod2 -->
  <testcase classname="test.Day4" name="WebloginCarLone" time="0.0">
    <ignored/>
  </testcase> <!-- WebloginCarLone -->
  <testcase classname="test.Day4" name="MobileloginCarLone" time="0.0">
    <ignored/>
  </testcase> <!-- MobileloginCarLone -->
</testsuite> <!-- Car Loan -->
