<?xml version="1.0" encoding="UTF-8"?>
<!-- Generated by org.testng.reporters.JUnitXMLReporter -->
<testsuite ignored="1" hostname="DESKTOP-4M6F8DF" failures="0" tests="2" name="Home Loan" time="0.053" errors="0" timestamp="2024-08-03T11:57:20 IST">
  <testcase classname="test.Day3" name="APIloginHomeLone" time="0.01"/>
  <testcase classname="test.Day3" name="WebloginHomeLone" time="0.011"/>
  <testcase classname="test.Day3" name="MobileloginHomeLone" time="0.0">
    <ignored/>
  </testcase> <!-- MobileloginHomeLone -->
</testsuite> <!-- Home Loan -->
