<?xml version="1.0" encoding="UTF-8"?>
<!-- Generated by org.testng.reporters.JUnitXMLReporter -->
<testsuite ignored="1" hostname="DESKTOP-4M6F8DF" failures="0" tests="13" name="Personal Loan" time="0.195" errors="0" timestamp="2024-08-03T23:20:28 IST">
  <testcase classname="test.Day1" name="Demo" time="0.012"/>
  <testcase classname="test.Day1" name="SecondTest" time="0.008"/>
  <testcase classname="test.Day2" name="Demo2" time="0.005"/>
  <testcase classname="test.Day2" name="SecondTest2" time="0.003"/>
  <testcase classname="test.Day4" name="MobileloginCarLone1" time="0.001"/>
  <testcase classname="test.Day4" name="TabloginCarLone" time="0.002"/>
  <testcase classname="test.Day4" name="TabloginCarLone1" time="0.002"/>
  <testcase classname="test.Day4" name="WebloginCarLone" time="0.001"/>
  <testcase classname="test.Day4" name="testMethod1" time="0.003"/>
  <testcase classname="test.Day4" name="testMethod2" time="0.001"/>
  <testcase classname="test.Day3" name="APIloginHomeLone" time="0.001"/>
  <testcase classname="test.Day3" name="MobileloginHomeLone" time="0.001"/>
  <testcase classname="test.Day3" name="WebloginHomeLone" time="0.001"/>
  <testcase classname="test.Day4" name="MobileloginCarLone" time="0.0">
    <ignored/>
  </testcase> <!-- MobileloginCarLone -->
</testsuite> <!-- Personal Loan -->
