<?xml version="1.0" encoding="UTF-8"?>
<testng-results ignored="0" total="1" passed="1" failed="0" skipped="0">
  <reporter-output>
  </reporter-output>
  <suite started-at="2024-08-03T23:42:30 IST" name="Default suite" finished-at="2024-08-03T23:42:30 IST" duration-ms="111">
    <groups>
    </groups>
    <test started-at="2024-08-03T23:42:30 IST" name="Default test" finished-at="2024-08-03T23:42:30 IST" duration-ms="111">
      <class name="test.Ps1">
        <test-method is-config="true" signature="beforetest()[pri:0, instance:test.Ps1@35aea049]" started-at="2024-08-03T23:42:30 IST" name="beforetest" finished-at="2024-08-03T23:42:30 IST" duration-ms="18" status="PASS">
          <reporter-output>
          </reporter-output>
        </test-method> <!-- beforetest -->
        <test-method signature="testRun()[pri:0, instance:test.Ps1@35aea049]" started-at="2024-08-03T23:42:30 IST" name="testRun" finished-at="2024-08-03T23:42:30 IST" duration-ms="11" status="PASS">
          <reporter-output>
          </reporter-output>
        </test-method> <!-- testRun -->
        <test-method is-config="true" signature="aftertest()[pri:0, instance:test.Ps1@35aea049]" started-at="2024-08-03T23:42:30 IST" name="aftertest" finished-at="2024-08-03T23:42:30 IST" duration-ms="1" status="PASS">
          <reporter-output>
          </reporter-output>
        </test-method> <!-- aftertest -->
      </class> <!-- test.Ps1 -->
    </test> <!-- Default test -->
  </suite> <!-- Default suite -->
</testng-results>
